c:\users\jyk19\desktop\mfcproject\mfcproject\x64\debug\mfcproject.pch
c:\users\jyk19\desktop\mfcproject\mfcproject\x64\debug\vc143.pdb
c:\users\jyk19\desktop\mfcproject\mfcproject\x64\debug\vc143.idb
c:\users\jyk19\desktop\mfcproject\mfcproject\x64\debug\pch.obj
c:\users\jyk19\desktop\mfcproject\mfcproject\x64\debug\mfcprojectdlg.obj
c:\users\jyk19\desktop\mfcproject\mfcproject\x64\debug\mfcproject.obj
c:\users\jyk19\desktop\mfcproject\x64\debug\mfcproject.exe
c:\users\jyk19\desktop\mfcproject\x64\debug\mfcproject.pdb
c:\users\jyk19\desktop\mfcproject\mfcproject\x64\debug\mfcproject.res
c:\users\jyk19\desktop\mfcproject\mfcproject\x64\debug\mfcproject.ilk
c:\users\jyk19\desktop\mfcproject\mfcproject\x64\debug\mfcproject.tlog\cl.command.1.tlog
c:\users\jyk19\desktop\mfcproject\mfcproject\x64\debug\mfcproject.tlog\cl.items.tlog
c:\users\jyk19\desktop\mfcproject\mfcproject\x64\debug\mfcproject.tlog\cl.read.1.tlog
c:\users\jyk19\desktop\mfcproject\mfcproject\x64\debug\mfcproject.tlog\cl.write.1.tlog
c:\users\jyk19\desktop\mfcproject\mfcproject\x64\debug\mfcproject.tlog\link.command.1.tlog
c:\users\jyk19\desktop\mfcproject\mfcproject\x64\debug\mfcproject.tlog\link.read.1.tlog
c:\users\jyk19\desktop\mfcproject\mfcproject\x64\debug\mfcproject.tlog\link.secondary.1.tlog
c:\users\jyk19\desktop\mfcproject\mfcproject\x64\debug\mfcproject.tlog\link.write.1.tlog
c:\users\jyk19\desktop\mfcproject\mfcproject\x64\debug\mfcproject.tlog\rc.command.1.tlog
c:\users\jyk19\desktop\mfcproject\mfcproject\x64\debug\mfcproject.tlog\rc.read.1.tlog
c:\users\jyk19\desktop\mfcproject\mfcproject\x64\debug\mfcproject.tlog\rc.write.1.tlog
